Traceback (most recent call last):
  File "/usr/share/miniconda/lib/python3.9/site-packages/jupyter_cache/executors/utils.py", line 51, in single_nb_execution
    executenb(
  File "/usr/share/miniconda/lib/python3.9/site-packages/nbclient/client.py", line 1204, in execute
    return NotebookClient(nb=nb, resources=resources, km=km, **kwargs).execute()
  File "/usr/share/miniconda/lib/python3.9/site-packages/nbclient/util.py", line 84, in wrapped
    return just_run(coro(*args, **kwargs))
  File "/usr/share/miniconda/lib/python3.9/site-packages/nbclient/util.py", line 62, in just_run
    return loop.run_until_complete(coro)
  File "/usr/share/miniconda/lib/python3.9/asyncio/base_events.py", line 647, in run_until_complete
    return future.result()
  File "/usr/share/miniconda/lib/python3.9/site-packages/nbclient/client.py", line 663, in async_execute
    await self.async_execute_cell(
  File "/usr/share/miniconda/lib/python3.9/site-packages/nbclient/client.py", line 965, in async_execute_cell
    await self._check_raise_for_error(cell, cell_index, exec_reply)
  File "/usr/share/miniconda/lib/python3.9/site-packages/nbclient/client.py", line 862, in _check_raise_for_error
    raise CellExecutionError.from_cell_and_msg(cell, exec_reply_content)
nbclient.exceptions.CellExecutionError: An error occurred while executing the following cell:
------------------
for det in dets_short:
    for filt in filts_short:
        create_psf_model(fov=11, num=25, create_grid=False, save_psf=False, detsampled=False)
------------------

[0;31m---------------------------------------------------------------------------[0m
[0;31mFileNotFoundError[0m                         Traceback (most recent call last)
File [0;32m/usr/share/miniconda/lib/python3.9/site-packages/poppy/utils.py:1628[0m, in [0;36mspectrum_from_spectral_type[0;34m(sptype, return_list, catalog)[0m
[1;32m   1627[0m [38;5;28;01mtry[39;00m:
[0;32m-> 1628[0m     [38;5;28;01mreturn[39;00m [43mgrid_to_spec[49m[43m([49m[43mcatname[49m[43m,[49m[43m [49m[43mkeys[49m[43m[[49m[38;5;241;43m0[39;49m[43m][49m[43m,[49m[43m [49m[43mkeys[49m[43m[[49m[38;5;241;43m1[39;49m[43m][49m[43m,[49m[43m [49m[43mkeys[49m[43m[[49m[38;5;241;43m2[39;49m[43m][49m[43m)[49m
[1;32m   1629[0m [38;5;28;01mexcept[39;00m [38;5;167;01mIOError[39;00m:

File [0;32m/usr/share/miniconda/lib/python3.9/site-packages/stsynphot/catalog.py:201[0m, in [0;36mgrid_to_spec[0;34m(gridname, t_eff, metallicity, log_g)[0m
[1;32m    161[0m [38;5;124;03m"""Extract spectrum from given catalog grid parameters.[39;00m
[1;32m    162[0m [38;5;124;03mInterpolate if necessary.[39;00m
[1;32m    163[0m 
[0;32m   (...)[0m
[1;32m    199[0m 
[1;32m    200[0m [38;5;124;03m"""[39;00m
[0;32m--> 201[0m indices, catdir [38;5;241m=[39m [43mget_catalog_index[49m[43m([49m[43mgridname[49m[43m)[49m
[1;32m    203[0m metallicity [38;5;241m=[39m _par_from_parser(metallicity)

File [0;32m/usr/share/miniconda/lib/python3.9/site-packages/stsynphot/catalog.py:152[0m, in [0;36mget_catalog_index[0;34m(gridname)[0m
[1;32m    151[0m [38;5;28;01mif[39;00m filename [38;5;129;01mnot[39;00m [38;5;129;01min[39;00m _CACHE:
[0;32m--> 152[0m     data [38;5;241m=[39m [43mstio[49m[38;5;241;43m.[39;49m[43mread_catalog[49m[43m([49m[43mfilename[49m[43m)[49m  [38;5;66;03m# EXT 1[39;00m
[1;32m    153[0m     _CACHE[filename] [38;5;241m=[39m [[38;5;28mlist[39m([38;5;28mmap[39m([38;5;28mfloat[39m, index[38;5;241m.[39msplit([38;5;124m'[39m[38;5;124m,[39m[38;5;124m'[39m))) [38;5;241m+[39m
[1;32m    154[0m                         [data[[38;5;124m'[39m[38;5;124mFILENAME[39m[38;5;124m'[39m][i]]
[1;32m    155[0m                         [38;5;28;01mfor[39;00m i, index [38;5;129;01min[39;00m [38;5;28menumerate[39m(data[[38;5;124m'[39m[38;5;124mINDEX[39m[38;5;124m'[39m])]

File [0;32m/usr/share/miniconda/lib/python3.9/site-packages/stsynphot/stio.py:454[0m, in [0;36mread_catalog[0;34m(filename, tab_ext)[0m
[1;32m    419[0m [38;5;124;03m"""Read catalog grid look-up table.[39;00m
[1;32m    420[0m 
[1;32m    421[0m [38;5;124;03mTable must contain the following named columns:[39;00m
[0;32m   (...)[0m
[1;32m    452[0m 
[1;32m    453[0m [38;5;124;03m"""[39;00m
[0;32m--> 454[0m [38;5;28;01mreturn[39;00m [43m_read_table[49m[43m([49m[43mfilename[49m[43m,[49m[43m [49m[43mtab_ext[49m[43m,[49m[43m [49m[43m{[49m[38;5;124;43m'[39;49m[38;5;124;43mINDEX[39;49m[38;5;124;43m'[39;49m[43m:[49m[43m [49m[43mnp[49m[38;5;241;43m.[39;49m[43mstr_[49m[43m,[49m
[1;32m    455[0m [43m                                       [49m[38;5;124;43m'[39;49m[38;5;124;43mFILENAME[39;49m[38;5;124;43m'[39;49m[43m:[49m[43m [49m[43mnp[49m[38;5;241;43m.[39;49m[43mstr_[49m[43m}[49m[43m)[49m

File [0;32m/usr/share/miniconda/lib/python3.9/site-packages/stsynphot/stio.py:289[0m, in [0;36m_read_table[0;34m(filename, ext, dtypes)[0m
[1;32m    288[0m [38;5;28;01mif[39;00m filename[38;5;241m.[39mendswith(([38;5;124m'[39m[38;5;124m.fits[39m[38;5;124m'[39m, [38;5;124m'[39m[38;5;124m.fit[39m[38;5;124m'[39m)):
[0;32m--> 289[0m     [38;5;28;01mwith[39;00m [43mfits[49m[38;5;241;43m.[39;49m[43mopen[49m[43m([49m[43mfilename[49m[43m)[49m [38;5;28;01mas[39;00m f:
[1;32m    290[0m         data [38;5;241m=[39m f[ext][38;5;241m.[39mdata[38;5;241m.[39mcopy()

File [0;32m/usr/share/miniconda/lib/python3.9/site-packages/astropy/io/fits/hdu/hdulist.py:175[0m, in [0;36mfitsopen[0;34m(name, mode, memmap, save_backup, cache, lazy_load_hdus, ignore_missing_simple, **kwargs)[0m
[1;32m    173[0m     [38;5;28;01mraise[39;00m [38;5;167;01mValueError[39;00m([38;5;124mf[39m[38;5;124m'[39m[38;5;124mEmpty filename: [39m[38;5;132;01m{[39;00mname[38;5;132;01m!r}[39;00m[38;5;124m'[39m)
[0;32m--> 175[0m [38;5;28;01mreturn[39;00m [43mHDUList[49m[38;5;241;43m.[39;49m[43mfromfile[49m[43m([49m[43mname[49m[43m,[49m[43m [49m[43mmode[49m[43m,[49m[43m [49m[43mmemmap[49m[43m,[49m[43m [49m[43msave_backup[49m[43m,[49m[43m [49m[43mcache[49m[43m,[49m
[1;32m    176[0m [43m                        [49m[43mlazy_load_hdus[49m[43m,[49m[43m [49m[43mignore_missing_simple[49m[43m,[49m[43m [49m[38;5;241;43m*[39;49m[38;5;241;43m*[39;49m[43mkwargs[49m[43m)[49m

File [0;32m/usr/share/miniconda/lib/python3.9/site-packages/astropy/io/fits/hdu/hdulist.py:410[0m, in [0;36mHDUList.fromfile[0;34m(cls, fileobj, mode, memmap, save_backup, cache, lazy_load_hdus, ignore_missing_simple, **kwargs)[0m
[1;32m    402[0m [38;5;124;03m"""[39;00m
[1;32m    403[0m [38;5;124;03mCreates an `HDUList` instance from a file-like object.[39;00m
[1;32m    404[0m 
[0;32m   (...)[0m
[1;32m    407[0m [38;5;124;03mdocumentation for details of the parameters accepted by this method).[39;00m
[1;32m    408[0m [38;5;124;03m"""[39;00m
[0;32m--> 410[0m [38;5;28;01mreturn[39;00m [38;5;28;43mcls[39;49m[38;5;241;43m.[39;49m[43m_readfrom[49m[43m([49m[43mfileobj[49m[38;5;241;43m=[39;49m[43mfileobj[49m[43m,[49m[43m [49m[43mmode[49m[38;5;241;43m=[39;49m[43mmode[49m[43m,[49m[43m [49m[43mmemmap[49m[38;5;241;43m=[39;49m[43mmemmap[49m[43m,[49m
[1;32m    411[0m [43m                     [49m[43msave_backup[49m[38;5;241;43m=[39;49m[43msave_backup[49m[43m,[49m[43m [49m[43mcache[49m[38;5;241;43m=[39;49m[43mcache[49m[43m,[49m
[1;32m    412[0m [43m                     [49m[43mignore_missing_simple[49m[38;5;241;43m=[39;49m[43mignore_missing_simple[49m[43m,[49m
[1;32m    413[0m [43m                     [49m[43mlazy_load_hdus[49m[38;5;241;43m=[39;49m[43mlazy_load_hdus[49m[43m,[49m[43m [49m[38;5;241;43m*[39;49m[38;5;241;43m*[39;49m[43mkwargs[49m[43m)[49m

File [0;32m/usr/share/miniconda/lib/python3.9/site-packages/astropy/io/fits/hdu/hdulist.py:1060[0m, in [0;36mHDUList._readfrom[0;34m(cls, fileobj, data, mode, memmap, cache, lazy_load_hdus, ignore_missing_simple, **kwargs)[0m
[1;32m   1058[0m [38;5;28;01mif[39;00m [38;5;129;01mnot[39;00m [38;5;28misinstance[39m(fileobj, _File):
[1;32m   1059[0m     [38;5;66;03m# instantiate a FITS file object (ffo)[39;00m
[0;32m-> 1060[0m     fileobj [38;5;241m=[39m [43m_File[49m[43m([49m[43mfileobj[49m[43m,[49m[43m [49m[43mmode[49m[38;5;241;43m=[39;49m[43mmode[49m[43m,[49m[43m [49m[43mmemmap[49m[38;5;241;43m=[39;49m[43mmemmap[49m[43m,[49m[43m [49m[43mcache[49m[38;5;241;43m=[39;49m[43mcache[49m[43m)[49m
[1;32m   1061[0m [38;5;66;03m# The Astropy mode is determined by the _File initializer if the[39;00m
[1;32m   1062[0m [38;5;66;03m# supplied mode was None[39;00m

File [0;32m/usr/share/miniconda/lib/python3.9/site-packages/astropy/io/fits/file.py:170[0m, in [0;36m_File.__init__[0;34m(self, fileobj, mode, memmap, overwrite, cache)[0m
[1;32m    169[0m [38;5;28;01melif[39;00m [38;5;28misinstance[39m(fileobj, ([38;5;28mstr[39m, [38;5;28mbytes[39m)):
[0;32m--> 170[0m     [38;5;28;43mself[39;49m[38;5;241;43m.[39;49m[43m_open_filename[49m[43m([49m[43mfileobj[49m[43m,[49m[43m [49m[43mmode[49m[43m,[49m[43m [49m[43moverwrite[49m[43m)[49m
[1;32m    171[0m [38;5;28;01melse[39;00m:

File [0;32m/usr/share/miniconda/lib/python3.9/site-packages/astropy/io/fits/file.py:562[0m, in [0;36m_File._open_filename[0;34m(self, filename, mode, overwrite)[0m
[1;32m    561[0m [38;5;28;01mif[39;00m [38;5;129;01mnot[39;00m [38;5;28mself[39m[38;5;241m.[39m_try_read_compressed([38;5;28mself[39m[38;5;241m.[39mname, magic, mode, ext[38;5;241m=[39mext):
[0;32m--> 562[0m     [38;5;28mself[39m[38;5;241m.[39m_file [38;5;241m=[39m [38;5;28;43mopen[39;49m[43m([49m[38;5;28;43mself[39;49m[38;5;241;43m.[39;49m[43mname[49m[43m,[49m[43m [49m[43mIO_FITS_MODES[49m[43m[[49m[43mmode[49m[43m][49m[43m)[49m
[1;32m    563[0m     [38;5;28mself[39m[38;5;241m.[39mclose_on_error [38;5;241m=[39m [38;5;28;01mTrue[39;00m

[0;31mFileNotFoundError[0m: [Errno 2] No such file or directory: '$PWD/grp/redcat/trds/grid/phoenix/catalog.fits'

During handling of the above exception, another exception occurred:

[0;31mLookupError[0m                               Traceback (most recent call last)
Input [0;32mIn [12][0m, in [0;36m<cell line: 1>[0;34m()[0m
[1;32m      1[0m [38;5;28;01mfor[39;00m det [38;5;129;01min[39;00m dets_short:
[1;32m      2[0m     [38;5;28;01mfor[39;00m filt [38;5;129;01min[39;00m filts_short:
[0;32m----> 3[0m         [43mcreate_psf_model[49m[43m([49m[43mfov[49m[38;5;241;43m=[39;49m[38;5;241;43m11[39;49m[43m,[49m[43m [49m[43mnum[49m[38;5;241;43m=[39;49m[38;5;241;43m25[39;49m[43m,[49m[43m [49m[43mcreate_grid[49m[38;5;241;43m=[39;49m[38;5;28;43;01mFalse[39;49;00m[43m,[49m[43m [49m[43msave_psf[49m[38;5;241;43m=[39;49m[38;5;28;43;01mFalse[39;49;00m[43m,[49m[43m [49m[43mdetsampled[49m[38;5;241;43m=[39;49m[38;5;28;43;01mFalse[39;49;00m[43m)[49m

Input [0;32mIn [11][0m, in [0;36mcreate_psf_model[0;34m(fov, create_grid, num, save_psf, detsampled)[0m
[1;32m      5[0m nrc[38;5;241m.[39mdetector [38;5;241m=[39m det 
[1;32m      6[0m nrc[38;5;241m.[39mfilter [38;5;241m=[39m filt
[0;32m----> 8[0m src [38;5;241m=[39m [43mwebbpsf[49m[38;5;241;43m.[39;49m[43mspecFromSpectralType[49m[43m([49m[38;5;124;43m'[39;49m[38;5;124;43mG5V[39;49m[38;5;124;43m'[39;49m[43m,[49m[43m [49m[43mcatalog[49m[38;5;241;43m=[39;49m[38;5;124;43m'[39;49m[38;5;124;43mphoenix[39;49m[38;5;124;43m'[39;49m[43m)[49m
[1;32m      9[0m [38;5;28;01mif[39;00m detsampled:
[1;32m     10[0m     [38;5;28mprint[39m([38;5;124m"[39m[38;5;124mCreating a detector sampled PSF[39m[38;5;124m"[39m)

File [0;32m/usr/share/miniconda/lib/python3.9/site-packages/poppy/utils.py:1633[0m, in [0;36mspectrum_from_spectral_type[0;34m(sptype, return_list, catalog)[0m
[1;32m   1630[0m errmsg [38;5;241m=[39m ([38;5;124m"[39m[38;5;124mCould not find a match in catalog [39m[38;5;132;01m{0}[39;00m[38;5;124m for key [39m[38;5;132;01m{1}[39;00m[38;5;124m. Check that is a valid name in the [39m[38;5;124m"[39m [38;5;241m+[39m
[1;32m   1631[0m           [38;5;124m"[39m[38;5;124mlookup table, and/or that synphot is installed properly.[39m[38;5;124m"[39m[38;5;241m.[39mformat(catname, sptype))
[1;32m   1632[0m _log[38;5;241m.[39mcritical(errmsg)
[0;32m-> 1633[0m [38;5;28;01mraise[39;00m [38;5;167;01mLookupError[39;00m(errmsg)

[0;31mLookupError[0m: Could not find a match in catalog {0} for key {1}. Check that is a valid name in the lookup table, and/or that synphot is installed properly.
LookupError: Could not find a match in catalog {0} for key {1}. Check that is a valid name in the lookup table, and/or that synphot is installed properly.

